0 info it worked if it ends with ok
1 verbose cli [
1 verbose cli   'C:\\Program Files\\nodejs\\node.exe',
1 verbose cli   'C:\\Program Files\\nodejs\\node_modules\\npm\\bin\\npm-cli.js',
1 verbose cli   'run',
1 verbose cli   'lint:fix'
1 verbose cli ]
2 info using npm@6.14.13
3 info using node@v14.17.0
4 verbose run-script [ 'prelint:fix', 'lint:fix', 'postlint:fix' ]
5 info lifecycle fvaly@0.1.0~prelint:fix: fvaly@0.1.0
6 info lifecycle fvaly@0.1.0~lint:fix: fvaly@0.1.0
7 verbose lifecycle fvaly@0.1.0~lint:fix: unsafe-perm in lifecycle true
8 verbose lifecycle fvaly@0.1.0~lint:fix: PATH: C:\Program Files\nodejs\node_modules\npm\node_modules\npm-lifecycle\node-gyp-bin;C:\WebDevelopment\ACC\fvaly\node_modules\.bin;C:\Users\The Sealve\bin;C:\Program Files\Git\mingw64\bin;C:\Program Files\Git\usr\local\bin;C:\Program Files\Git\usr\bin;C:\Program Files\Git\usr\bin;C:\Program Files\Git\mingw64\bin;C:\Program Files\Git\usr\bin;C:\Users\The Sealve\bin;C:\Program Files (x86)\Common Files\Oracle\Java\javapath;C:\Windows\system32;C:\Windows;C:\Windows\System32\Wbem;C:\Windows\System32\WindowsPowerShell\v1.0;C:\Windows\System32\OpenSSH;C:\wamp64\bin\php\php7.3.5;C:\composer;C:\Program Files\Amazon\AWSCLIV2;C:\Program Files\Git\cmd;C:\ProgramData\chocolatey\bin;C:\Program Files\Docker\Docker\resources\bin;C:\ProgramData\DockerDesktop\version-bin;C:\Program Files\dotnet;C:\Program Files\nodejs;C:\Program Files\MongoDB\Server\5.0\bin;C:\Users\The Sealve\AppData\Local\Programs\Python\Python37-32\Scripts;C:\Users\The Sealve\AppData\Local\Programs\Python\Python37-32;C:\Users\The Sealve\AppData\Local\Microsoft\WindowsApps;C:\Users\The Sealve\AppData\Local\Programs\Microsoft VS Code\bin;C:\Users\The Sealve\AppData\Roaming\Composer\vendor\bin;C:\Users\The Sealve\AppData\Local\GitHubDesktop\bin;C:\Program Files\heroku\bin;C:\Users\The Sealve\.dotnet\tools;C:\Users\The Sealve\AppData\Roaming\npm;C:\Users\The Sealve\AppData\Local\Programs\mongosh;C:\Program Files\Git\usr\bin\vendor_perl;C:\Program Files\Git\usr\bin\core_perl
9 verbose lifecycle fvaly@0.1.0~lint:fix: CWD: C:\WebDevelopment\ACC\fvaly
10 silly lifecycle fvaly@0.1.0~lint:fix: Args: [ '/d /s /c', "npx eslint '**/*{.ts,.tsx,js}' --fix" ]
11 silly lifecycle fvaly@0.1.0~lint:fix: Returned: code: 2  signal: null
12 info lifecycle fvaly@0.1.0~lint:fix: Failed to exec lint:fix script
13 verbose stack Error: fvaly@0.1.0 lint:fix: `npx eslint '**/*{.ts,.tsx,js}' --fix`
13 verbose stack Exit status 2
13 verbose stack     at EventEmitter.<anonymous> (C:\Program Files\nodejs\node_modules\npm\node_modules\npm-lifecycle\index.js:332:16)
13 verbose stack     at EventEmitter.emit (events.js:376:20)
13 verbose stack     at ChildProcess.<anonymous> (C:\Program Files\nodejs\node_modules\npm\node_modules\npm-lifecycle\lib\spawn.js:55:14)
13 verbose stack     at ChildProcess.emit (events.js:376:20)
13 verbose stack     at maybeClose (internal/child_process.js:1055:16)
13 verbose stack     at Process.ChildProcess._handle.onexit (internal/child_process.js:288:5)
14 verbose pkgid fvaly@0.1.0
15 verbose cwd C:\WebDevelopment\ACC\fvaly
16 verbose Windows_NT 10.0.17763
17 verbose argv "C:\\Program Files\\nodejs\\node.exe" "C:\\Program Files\\nodejs\\node_modules\\npm\\bin\\npm-cli.js" "run" "lint:fix"
18 verbose node v14.17.0
19 verbose npm  v6.14.13
20 error code ELIFECYCLE
21 error errno 2
22 error fvaly@0.1.0 lint:fix: `npx eslint '**/*{.ts,.tsx,js}' --fix`
22 error Exit status 2
23 error Failed at the fvaly@0.1.0 lint:fix script.
23 error This is probably not a problem with npm. There is likely additional logging output above.
24 verbose exit [ 2, true ]
